Start of eprof data 
_______________________________________
'Elixir.String.Unicode':do_rstrip_l/1 | 14224915 | 33.21 | 18688711
'Elixir.String':rstrip/1 | 6399308 | 14.94 | 14406618
'Elixir.String.Unicode':rstrip/2 | 5503490 | 12.85 | 19545626
'Elixir.Enum':do_find/3 | 3441281 | 8.03 | 14915946
'Elixir.String.Unicode':rstrip/1 | 3330431 | 7.77 | 14406618
'Elixir.Dct':'-get_station_id/4-fun-0-'/2 | 3293741 | 7.69 | 7203078
'Elixir.Dct':'-get_station_id/4-fun-1-'/2 | 2324710 | 5.43 | 3855778
'Elixir.Dct':'-get_station_id/4-fun-2-'/2 | 1660107 | 3.88 | 3855778
'Elixir.Mariaex.Connection':process/2 | 1493259 | 3.49 | 26070
'Elixir.String.Unicode':do_rstrip_s/1 | 360881 | 0.84 | 856915
'Elixir.Mariaex.Messages':decode/2 | 68849 | 0.16 | 26070
'Elixir.Mariaex.Messages':decode_bin_rows/2 | 61873 | 0.14 | 25958
'Elixir.Mariaex.Messages':null_map_from_mysql/1 | 60754 | 0.14 | 25958
'Elixir.Mariaex.Messages':decode_bin_rows/4 | 55437 | 0.13 | 76350
'Elixir.Mariaex.Messages':'__type__'/2 | 51070 | 0.12 | 50392
'Elixir.Mariaex.Messages':'-null_map_from_mysql/1-lbc$^0/2-0-'/2 | 41901 | 0.1 | 25958
'Elixir.Mariaex.Messages':handle_decode_bin_rows/2 | 40570 | 0.09 | 50392
'Elixir.Mariaex.Protocol':dispatch/2 | 37456 | 0.09 | 26039
'Elixir.Mariaex.Messages':decode_msg/2 | 32435 | 0.08 | 26039
'Elixir.Mariaex.Messages':'__decode__'/2 | 28835 | 0.07 | 26039
'Elixir.Mariaex.Coder.Utils':length_encoded_integer/1 | 26339 | 0.06 | 22584
erlang:send/2 | 22154 | 0.05 | 16
erlang:send/3 | 19595 | 0.05 | 1086
'Elixir.Mariaex.Messages':parse_int_packet/2 | 18774 | 0.04 | 28069
lists:reverse/1 | 13689 | 0.03 | 26302
erlang:monitor/2 | 12411 | 0.03 | 3229
lists:reverse/2 | 12374 | 0.03 | 3669
'Elixir.Mariaex.Messages':decode_bin_row/1 | 9937 | 0.02 | 25958
'Elixir.Enum':find/2 | 8557 | 0.02 | 7465
gen_tcp:connect/4 | 7431 | 0.02 | 4
'Elixir.Mariaex.Coder.Utils':length_encoded_string/1 | 6674 | 0.02 | 22527
erts_internal:port_control/3 | 5948 | 0.01 | 59
'Elixir.Enum':'-join/2-fun-0-'/3 | 5051 | 0.01 | 6426
erlang:demonitor/2 | 5004 | 0.01 | 3233
'Elixir.Enum':'-map/2-lists^map/1-0-'/2 | 4890 | 0.01 | 4509
'Elixir.String.Chars':'impl_for!'/1 | 4669 | 0.01 | 5510
file:check_args/1 | 4569 | 0.01 | 5355
'Elixir.String.Chars':to_string/1 | 4512 | 0.01 | 5510
erts_internal:flush_monitor_messages/3 | 4469 | 0.01 | 1071
'Elixir.String.Chars':impl_for/1 | 4209 | 0.01 | 5510
'Elixir.Enum':'-reduce/3-lists^foldl/2-0-'/3 | 4011 | 0.01 | 8256
erts_internal:port_command/3 | 4004 | 0.01 | 22
'Elixir.Enum':join/2 | 3989 | 0.01 | 1071
'Elixir.Mariaex.Connection':reply/2 | 3914 | 0.01 | 30
'Elixir.Dct':get_station_id/4 | 3904 | 0.01 | 3049
erlang:integer_to_binary/1 | 3880 | 0.01 | 5510
lists:delete/2 | 3742 | 0.01 | 4284
'Elixir.System':get_env/1 | 3565 | 0.01 | 16
'Elixir.Dct':'-fetch_station_ids/0-fun-0-'/4 | 3518 | 0.01 | 3049
'Elixir.Enum':fetch/2 | 3213 | 0.01 | 4569
'Elixir.Enum':at/2 | 3183 | 0.01 | 4569
'Elixir.Map':get/2 | 2830 | 0.01 | 1078
file:make_binary/1 | 2674 | 0.01 | 2142
erlang:iolist_to_binary/1 | 2450 | 0.01 | 1087
'Elixir.String.Chars.Integer':to_string/1 | 2350 | 0.01 | 5510
'Elixir.Enum':find/3 | 2256 | 0.01 | 7465
maps:find/2 | 2093 | 0.0 | 1089
'Elixir.Enum':reduce/3 | 1967 | 0.0 | 1313
binary:do_split/5 | 1941 | 0.0 | 1751
gen:call/4 | 1846 | 0.0 | 1086
'Elixir.Enum':do_fetch/2 | 1715 | 0.0 | 4743
'Elixir.Enum':at/3 | 1712 | 0.0 | 4569
binary:matches/3 | 1695 | 0.0 | 459
binary:part/2 | 1676 | 0.0 | 1751
gen_server:call/3 | 1668 | 0.0 | 1071
binary:get_opts_split/2 | 1586 | 0.0 | 952
io:io_request/2 | 1532 | 0.0 | 1072
file:open/2 | 1529 | 0.0 | 1071
binary:match/3 | 1521 | 0.0 | 34
erlang:whereis/1 | 1485 | 0.0 | 1075
erlang:binary_to_atom/2 | 1412 | 0.0 | 26
os:getenv/1 | 1333 | 0.0 | 16
lists:member/2 | 1324 | 0.0 | 2177
file:file_request/2 | 1322 | 0.0 | 1071
erlang:list_to_tuple/1 | 1282 | 0.0 | 1151
'Elixir.Map':get/3 | 1268 | 0.0 | 1078
'Elixir.IO':chardata_to_string/1 | 1245 | 0.0 | 1071
'Elixir.Dct':'-final_connection_data/2-fun-1-'/2 | 1205 | 0.0 | 1071
file:write/2 | 1172 | 0.0 | 1071
'Elixir.Enum':map/2 | 1054 | 0.0 | 157
file:file_name/1 | 1002 | 0.0 | 1071
file:call/2 | 968 | 0.0 | 1071
'Elixir.File':write/3 | 827 | 0.0 | 1071
io:request/2 | 814 | 0.0 | 1072
file:write_file/3 | 812 | 0.0 | 1071
crypto:sha/1 | 808 | 0.0 | 8
'Elixir.Mariaex.Connection':query/4 | 786 | 0.0 | 11
'Elixir.Dct':write/1 | 771 | 0.0 | 1071
binary:match/2 | 766 | 0.0 | 153
'Elixir.Dct':time_to_seconds/1 | 760 | 0.0 | 306
erlang:binary_to_integer/1 | 753 | 0.0 | 612
'Elixir.Dct':final_connection/2 | 747 | 0.0 | 1071
gen:do_for_proc/2 | 724 | 0.0 | 1086
io:execute_request/2 | 697 | 0.0 | 1072
file:close/1 | 692 | 0.0 | 1071
'Elixir.String.Unicode':downcase/2 | 692 | 0.0 | 142
erlang:port_control/3 | 683 | 0.0 | 59
'Elixir.String':split/2 | 648 | 0.0 | 459
gen:do_call/4 | 640 | 0.0 | 1086
erlang:atom_to_binary/2 | 560 | 0.0 | 4
'Elixir.Enum':'member?'/2 | 469 | 0.0 | 19
gen:'-call/4-fun-0-'/4 | 452 | 0.0 | 1086
binary:split/2 | 452 | 0.0 | 34
'Elixir.Mariaex.Protocol':get_command/1 | 450 | 0.0 | 26
erlang:open_port/2 | 447 | 0.0 | 4
'Elixir.String':downcase/1 | 402 | 0.0 | 26
'Elixir.Dct':fetch_train_days/0 | 391 | 0.0 | 1
lists:keyfind/3 | 382 | 0.0 | 79
erlang:link/1 | 380 | 0.0 | 4
erlang:spawn_opt/1 | 353 | 0.0 | 4
ets:lookup/2 | 352 | 0.0 | 19
'Elixir.String':split/3 | 342 | 0.0 | 459
'Elixir.Dct':combination/2 | 330 | 0.0 | 463
'Elixir.Mariaex.Protocol':msg_send/3 | 297 | 0.0 | 44
'Elixir.String':'contains?'/2 | 295 | 0.0 | 153
'Elixir.Dct':make_connection/3 | 292 | 0.0 | 210
'Elixir.Dct':'-combination/2-fun-0-'/3 | 265 | 0.0 | 420
binary:split/3 | 264 | 0.0 | 493
'Elixir.Mariaex.Protocol':result/2 | 264 | 0.0 | 7
proc_lib:proc_info/2 | 251 | 0.0 | 4
prim_inet:enc_value_2/2 | 251 | 0.0 | 20
ets:new/2 | 244 | 0.0 | 4
'Elixir.Mariaex.Connection.Tcp':send/2 | 243 | 0.0 | 22
inet_tcp:send/2 | 232 | 0.0 | 22
gen_tcp:send/2 | 227 | 0.0 | 22
'Elixir.Map':'update!'/3 | 224 | 0.0 | 11
erlang:binary_to_list/1 | 223 | 0.0 | 12
inet:getopts/2 | 207 | 0.0 | 4
'Elixir.Dct':'-final_connection_data/2-fun-0-'/2 | 194 | 0.0 | 153
erlang:put/2 | 183 | 0.0 | 8
inet:'-getopts/2-lc$^0/1-0-'/1 | 178 | 0.0 | 16
'Elixir.Dct':'-get_c/3-fun-1-'/3 | 176 | 0.0 | 210
ets:info/2 | 174 | 0.0 | 7
'Elixir.String':to_char_list/1 | 170 | 0.0 | 20
'Elixir.GenServer':reply/2 | 169 | 0.0 | 15
gen_tcp:mod/1 | 166 | 0.0 | 4
'Elixir.Dct':final_connection_data/2 | 166 | 0.0 | 153
unicode:characters_to_list/2 | 165 | 0.0 | 20
prim_inet:enc_opt_val/2 | 152 | 0.0 | 94
'Elixir.Keyword':pop/3 | 150 | 0.0 | 4
maps:put/3 | 150 | 0.0 | 11
erlang:process_info/2 | 148 | 0.0 | 4
gen:init_it2/7 | 143 | 0.0 | 4
'Elixir.List':'-do_zip/2-lists^mapfoldl/2-0-'/3 | 141 | 0.0 | 252
unicode:characters_to_binary/2 | 138 | 0.0 | 9
'Elixir.Mariaex.Connection':start_link/1 | 136 | 0.0 | 4
gen_server:loop/6 | 134 | 0.0 | 50
'Elixir.List':do_zip/2 | 133 | 0.0 | 84
'Elixir.Mariaex.Connection':init/1 | 129 | 0.0 | 4
'Elixir.IO':puts/2 | 127 | 0.0 | 1
inet_parse:visible_string/1 | 122 | 0.0 | 4
'Elixir.List':to_string/1 | 122 | 0.0 | 4
inet:stop_timer/1 | 120 | 0.0 | 4
proc_lib:check_for_monitor/1 | 116 | 0.0 | 4
gen:do_spawn/5 | 115 | 0.0 | 4
ets:insert/2 | 114 | 0.0 | 7
inet:gethostbyname_tm_native/4 | 113 | 0.0 | 4
'Elixir.Dct':'-get_station_id/2-fun-0-'/2 | 113 | 0.0 | 231
inet:open/8 | 111 | 0.0 | 4
proc_lib:get_ancestors/0 | 111 | 0.0 | 4
'Elixir.List':'-do_zip/2-fun-0-'/2 | 110 | 0.0 | 168
inet:connect_options/2 | 109 | 0.0 | 4
'Elixir.Access':get/2 | 109 | 0.0 | 59
gen_server:name/1 | 109 | 0.0 | 4
io:o_request/3 | 102 | 0.0 | 1
inet_tcp:getaddrs/2 | 102 | 0.0 | 4
prim_inet:async_connect/4 | 100 | 0.0 | 4
'Elixir.Mariaex.Connection':handle_call/3 | 99 | 0.0 | 15
inet_db:tcp_module/0 | 98 | 0.0 | 4
prim_inet:ctl_cmd/3 | 92 | 0.0 | 59
crypto:do_hash/2 | 91 | 0.0 | 8
inet:'-setopts/2-lc$^0/1-0-'/1 | 90 | 0.0 | 74
inet:getaddrs_tm/3 | 86 | 0.0 | 4
'Elixir.List':to_list/1 | 86 | 0.0 | 168
erlang:make_ref/0 | 85 | 0.0 | 4
'Elixir.Mariaex.Messages':encode/2 | 83 | 0.0 | 22
'Elixir.Mariaex.Cache':new/1 | 80 | 0.0 | 4
'Elixir.Mariaex.Connection':handle_info/2 | 80 | 0.0 | 31
erlang:'++'/2 | 79 | 0.0 | 231
'Elixir.Mariaex.Connection.Tcp':next/1 | 70 | 0.0 | 31
inet_db:lookup_socket/1 | 70 | 0.0 | 22
'Elixir.Access':fetch/2 | 70 | 0.0 | 59
prim_inet:enum_val/2 | 67 | 0.0 | 100
prim_inet:encode_opt_val/1 | 66 | 0.0 | 43
erlang:max/2 | 64 | 0.0 | 8
erlang:start_timer/3 | 64 | 0.0 | 4
'Elixir.Mariaex.Messages':encode_msg/1 | 60 | 0.0 | 22
os:timestamp/0 | 60 | 0.0 | 22
queue:out/1 | 59 | 0.0 | 41
'Elixir.Mariaex.Connection':check_next/1 | 59 | 0.0 | 42
gen_server:try_handle_call/4 | 57 | 0.0 | 15
'Elixir.Keyword':put_new/3 | 57 | 0.0 | 12
prim_inet:setopts/2 | 57 | 0.0 | 43
'Elixir.Dct':get_station_id/2 | 55 | 0.0 | 21
erlang:port_command/3 | 54 | 0.0 | 22
gen_server:try_dispatch/3 | 51 | 0.0 | 31
gen_server:handle_common_reply/6 | 51 | 0.0 | 31
'Elixir.Mariaex.Protocol':send_execute/1 | 50 | 0.0 | 7
gen_server:try_dispatch/4 | 49 | 0.0 | 31
'Elixir.List':do_zip_each/2 | 48 | 0.0 | 168
'Elixir.Mariaex.Cache':lookup/2 | 47 | 0.0 | 7
gen_server:decode_msg/8 | 47 | 0.0 | 46
'Elixir.List':to_tuple/1 | 46 | 0.0 | 80
crypto:sha_update/2 | 45 | 0.0 | 8
'Elixir.String.Unicode':downcase/1 | 44 | 0.0 | 26
gen_server:handle_msg/5 | 40 | 0.0 | 46
'Elixir.Mariaex.Protocol':'-bxor_binary/2-fun-0-'/2 | 40 | 0.0 | 80
'Elixir.Dct':fetch_station_ids/0 | 39 | 0.0 | 1
proc_lib:init_ack/2 | 38 | 0.0 | 4
'Elixir.GenServer':call/3 | 38 | 0.0 | 15
inet:setopts/2 | 36 | 0.0 | 35
prim_inet:type_opt/2 | 36 | 0.0 | 48
erlang:setelement/3 | 36 | 0.0 | 26
'Elixir.Mariaex.Connection.Tcp':connect/4 | 35 | 0.0 | 4
'Elixir.Keyword':pop/2 | 35 | 0.0 | 4
'Elixir.Mariaex.Connection.Tcp':'receive'/2 | 34 | 0.0 | 31
'Elixir.Mariaex.Connection':'-handle_call/3-fun-0-'/3 | 34 | 0.0 | 11
'Elixir.Mariaex.Cache':insert/4 | 33 | 0.0 | 7
'Elixir.Access':get/3 | 33 | 0.0 | 59
'Elixir.Mariaex.Connection':next/1 | 33 | 0.0 | 26
'Elixir.Mariaex.Messages':decode_handshake/1 | 31 | 0.0 | 4
prim_inet:send/3 | 29 | 0.0 | 22
inet:con_opt/3 | 28 | 0.0 | 12
'Elixir.Mariaex.Messages':decode_eof_resp/1 | 28 | 0.0 | 21
'Elixir.Mariaex.Messages':'__encode__'/1 | 28 | 0.0 | 22
'Elixir.Mariaex.Messages':encode_text_cmd/1 | 28 | 0.0 | 11
proc_lib:init_p/5 | 28 | 0.0 | 4
'Elixir.Mariaex.Protocol':send_execute_new/1 | 28 | 0.0 | 7
unicode:characters_to_binary/1 | 26 | 0.0 | 8
'Elixir.Mariaex.Messages':parameters_to_binary/1 | 26 | 0.0 | 7
prim_inet:enc_opt/1 | 26 | 0.0 | 28
'Elixir.Enum':zip/2 | 26 | 0.0 | 7
'Elixir.Enum':slice/3 | 26 | 0.0 | 1
timer:sleep/1 | 24 | 0.0 | 1
gen_tcp:mod/2 | 24 | 0.0 | 12
proc_lib:sync_wait_mon/2 | 24 | 0.0 | 4
'Elixir.Mariaex.Messages':decode_column_definition_41/1 | 23 | 0.0 | 34
proc_lib:spawn_opt_mon/4 | 23 | 0.0 | 4
prim_inet:is_sockopt_val/2 | 23 | 0.0 | 8
prim_inet:type_opt_1/1 | 23 | 0.0 | 48
'Elixir.String.Unicode':titlecase_once/1 | 23 | 0.0 | 4
crypto:hash/2 | 22 | 0.0 | 8
gen_server:debug_options/2 | 22 | 0.0 | 4
erlang:port_get_data/1 | 22 | 0.0 | 22
inet:start_timer/1 | 21 | 0.0 | 4
gen_tcp:connect1/4 | 21 | 0.0 | 4
lists:keydelete3/3 | 20 | 0.0 | 20
'Elixir.Dct':'-get_c/3-fun-0-'/2 | 20 | 0.0 | 21
inet_gethost_native:ndx/2 | 20 | 0.0 | 4
queue:in/2 | 19 | 0.0 | 15
'Elixir.DctRunner':'-run_profile/1-fun-0-'/1 | 19 | 0.0 | 1
prim_inet:type_value_1/3 | 19 | 0.0 | 24
inet:timeout/1 | 18 | 0.0 | 4
crypto:max_bytes/0 | 18 | 0.0 | 16
crypto:sha_init/0 | 18 | 0.0 | 4
'Elixir.Mariaex.Connection':query/2 | 18 | 0.0 | 7
'Elixir.Mariaex.Protocol':mysql_native_password/2 | 18 | 0.0 | 4
prim_inet:open/4 | 18 | 0.0 | 4
prim_inet:bind/3 | 18 | 0.0 | 4
prim_inet:dec_value/2 | 18 | 0.0 | 12
'Elixir.List':zip/1 | 18 | 0.0 | 4
'Elixir.GenServer':start/2 | 18 | 0.0 | 4
'Elixir.Dct':dct_txt/1 | 17 | 0.0 | 1
inet_gethost_native:ensure_started/0 | 17 | 0.0 | 4
unicode:characters_to_list/1 | 16 | 0.0 | 20
'Elixir.Mariaex.Messages':encode_handshake_resp/1 | 16 | 0.0 | 4
application:get_env/2 | 16 | 0.0 | 4
'Elixir.String':capitalize/1 | 16 | 0.0 | 4
prim_inet:type_value/3 | 16 | 0.0 | 24
prim_inet:type_value_2/2 | 16 | 0.0 | 24
prim_inet:enc_value/3 | 16 | 0.0 | 20
'Elixir.Mariaex.Messages':encode_stmt_execute/1 | 15 | 0.0 | 7
'Elixir.Mariaex.Messages':decode_stmt_prepare_ok/1 | 15 | 0.0 | 7
proc_lib:init_p_do_apply/3 | 15 | 0.0 | 4
'Elixir.Mariaex.Protocol':'-result/2-fun-0-'/2 | 15 | 0.0 | 17
inet_gethost_native:gethostbyname/2 | 14 | 0.0 | 4
inet_gethost_native:pick_addresses_v4/2 | 14 | 0.0 | 8
erlang:cancel_timer/1 | 14 | 0.0 | 4
queue:new/0 | 13 | 0.0 | 4
inet_tcp:do_connect/4 | 13 | 0.0 | 4
inet_gethost_native:parse_address/2 | 13 | 0.0 | 4
inet_gethost_native:ndx/4 | 13 | 0.0 | 40
erlang:spawn_opt/4 | 13 | 0.0 | 4
erlang:tuple_to_list/1 | 13 | 0.0 | 21
inet_db:db_get/1 | 12 | 0.0 | 8
inet:gethostbyname_tm/3 | 12 | 0.0 | 4
gen:spawn_opts/1 | 12 | 0.0 | 4
crypto:hash_final/1 | 12 | 0.0 | 4
proc_lib:start/5 | 11 | 0.0 | 4
'Elixir.Mariaex.Connection':command/2 | 11 | 0.0 | 11
prim_inet:getopts/2 | 11 | 0.0 | 4
prim_inet:enc_opts/1 | 11 | 0.0 | 16
prim_inet:dec_opt_val/1 | 11 | 0.0 | 16
'Elixir.IO':puts/1 | 10 | 0.0 | 1
'Elixir.Mariaex.Messages':decode_ok_resp/1 | 10 | 0.0 | 8
inet_parse:is_vis1/1 | 10 | 0.0 | 40
erlang:group_leader/0 | 10 | 0.0 | 1
gen:opt/2 | 9 | 0.0 | 8
crypto:do_hash_update/2 | 9 | 0.0 | 8
'Elixir.Dct':format_entry/2 | 9 | 0.0 | 21
'Elixir.Mariaex.Protocol':password/3 | 9 | 0.0 | 4
prim_inet:connect/4 | 9 | 0.0 | 4
prim_inet:enc_value_1/3 | 9 | 0.0 | 20
'Elixir.GenServer':do_start/4 | 9 | 0.0 | 4
inet_db:register_socket/2 | 8 | 0.0 | 4
inet:add_opt/4 | 8 | 0.0 | 8
crypto:sha_final/1 | 8 | 0.0 | 4
gen_server:init_it/6 | 8 | 0.0 | 8
prim_inet:dec_opt/1 | 8 | 0.0 | 12
prim_inet:type_value/2 | 8 | 0.0 | 12
prim_inet:enc_value/2 | 8 | 0.0 | 12
prim_inet:dec_opt_val/3 | 8 | 0.0 | 12
inet_db:res_optname/1 | 7 | 0.0 | 4
lists:keydelete/3 | 7 | 0.0 | 8
'Elixir.Mariaex.Messages':decode_column_count/1 | 7 | 0.0 | 7
proc_lib:trans_init/3 | 7 | 0.0 | 4
prim_inet:enc_type/1 | 7 | 0.0 | 4
prim_inet:encode_opts/1 | 7 | 0.0 | 4
prim_inet:decode_opt_val/1 | 7 | 0.0 | 4
prim_inet:enc_time/1 | 7 | 0.0 | 4
inet:con_add/5 | 6 | 0.0 | 8
gen:timeout/1 | 6 | 0.0 | 4
inet_gethost_native:pick_names/2 | 6 | 0.0 | 8
'Elixir.Keyword':fetch/2 | 6 | 0.0 | 4
prim_inet:type_value_default/3 | 6 | 0.0 | 24
prim_inet:enc_opt_val/4 | 6 | 0.0 | 16
prim_inet:ip4_to_bytes/1 | 6 | 0.0 | 8
'Elixir.GenServer':start/3 | 6 | 0.0 | 4
inet:gethostbyname_tm/4 | 5 | 0.0 | 4
gen:init_it/6 | 5 | 0.0 | 4
inet_tcp:getserv/1 | 5 | 0.0 | 4
inet_tcp:connect/4 | 5 | 0.0 | 4
inet_gethost_native:pick_names/1 | 5 | 0.0 | 4
proc_lib:get_my_name/0 | 5 | 0.0 | 4
prim_inet:enc_value_default/3 | 5 | 0.0 | 20
'Elixir.Enum':do_zip/2 | 5 | 0.0 | 7
erlang:read_timer/1 | 5 | 0.0 | 4
inet_db:res_option/1 | 4 | 0.0 | 4
crypto:hash_init/1 | 4 | 0.0 | 4
crypto:hash_update/2 | 4 | 0.0 | 8
crypto:hash/5 | 4 | 0.0 | 8
inet_gethost_native:getit/2 | 4 | 0.0 | 4
inet_gethost_native:expand_default_name/2 | 4 | 0.0 | 4
'Elixir.Keyword':'fetch!'/2 | 4 | 0.0 | 4
'Elixir.Mariaex.Protocol':send_query/3 | 4 | 0.0 | 11
prim_inet:open/6 | 4 | 0.0 | 4
prim_inet:enc_opts/2 | 4 | 0.0 | 12
'Elixir.Enum':do_slice/3 | 4 | 0.0 | 2
erlang:list_to_binary/1 | 4 | 0.0 | 4
io:put_chars/2 | 3 | 0.0 | 1
gen:start/5 | 3 | 0.0 | 4
prim_inet:protocol2drv/1 | 3 | 0.0 | 4
erlang:port_set_data/2 | 3 | 0.0 | 4
inet:connect_options/0 | 2 | 0.0 | 4
inet:translate_ip/2 | 2 | 0.0 | 4
prim_inet:ip_to_bytes/1 | 2 | 0.0 | 4
application_controller:get_env/2 | 2 | 0.0 | 4
'Elixir.Dct':get_c/3 | 1 | 0.0 | 1
'Elixir.Dct':'-dct_txt/1-fun-0-'/3 | 1 | 0.0 | 1
gen_server:opt/2 | 1 | 0.0 | 4
'Elixir.Mariaex.Protocol':capabilities/1 | 1 | 0.0 | 4
inet:gethostbyname_tm/5 | 0 | 0.0 | 4
gen_tcp:try_connect/6 | 0 | 0.0 | 4
crypto:hash_update/4 | 0 | 0.0 | 8
inet_gethost_native:getit/4 | 0 | 0.0 | 4
'Elixir.Mariaex.Protocol':bxor_binary/2 | 0 | 0.0 | 4
prim_inet:enc_family/1 | 0 | 0.0 | 4
prim_inet:connect0/4 | 0 | 0.0 | 4
_______________________________________
'Elixir.String.Unicode':do_rstrip_l/1 | 14338614 | 32.3 | 18689977
'Elixir.String':rstrip/1 | 6276745 | 14.14 | 14407338
'Elixir.String.Unicode':rstrip/2 | 5404375 | 12.17 | 19546918
'Elixir.Enum':do_find/3 | 3376939 | 7.61 | 14916396
'Elixir.String.Unicode':rstrip/1 | 3310575 | 7.46 | 14407338
'Elixir.Dct':'-get_station_id/4-fun-0-'/2 | 3233554 | 7.28 | 7203078
'Elixir.Mariaex.Connection':process/2 | 3062058 | 6.9 | 26107
'Elixir.Dct':'-get_station_id/4-fun-1-'/2 | 2391977 | 5.39 | 3855778
'Elixir.Dct':'-get_station_id/4-fun-2-'/2 | 1646610 | 3.71 | 3855778
'Elixir.String.Unicode':do_rstrip_s/1 | 395337 | 0.89 | 856941
'Elixir.Mariaex.Messages':null_map_from_mysql/1 | 91756 | 0.21 | 25972
'Elixir.Mariaex.Messages':decode/2 | 89947 | 0.2 | 26107
'Elixir.Mariaex.Messages':decode_bin_rows/4 | 74677 | 0.17 | 76448
'Elixir.Mariaex.Messages':decode_bin_rows/2 | 72779 | 0.16 | 25972
'Elixir.Mariaex.Messages':handle_decode_bin_rows/2 | 59475 | 0.13 | 50476
'Elixir.Mariaex.Messages':'-null_map_from_mysql/1-lbc$^0/2-0-'/2 | 55922 | 0.13 | 25972
'Elixir.Mariaex.Messages':'__type__'/2 | 55087 | 0.12 | 50476
'Elixir.Mariaex.Protocol':dispatch/2 | 53249 | 0.12 | 26073
'Elixir.Mariaex.Coder.Utils':length_encoded_integer/1 | 44753 | 0.1 | 22715
'Elixir.Mariaex.Messages':decode_msg/2 | 36214 | 0.08 | 26073
erts_internal:port_control/3 | 27994 | 0.06 | 69
erlang:send/2 | 23731 | 0.05 | 19
'Elixir.Mariaex.Messages':parse_int_packet/2 | 21739 | 0.05 | 28111
'Elixir.Mariaex.Messages':'__decode__'/2 | 20244 | 0.05 | 26073
'Elixir.Enum':find/2 | 19733 | 0.04 | 7524
lists:reverse/1 | 16869 | 0.04 | 26447
'Elixir.Mariaex.Messages':decode_bin_row/1 | 13826 | 0.03 | 25972
erlang:send/3 | 12070 | 0.03 | 1404
erlang:monitor/2 | 9381 | 0.02 | 4178
lists:reverse/2 | 8824 | 0.02 | 3700
'Elixir.Mariaex.Coder.Utils':length_encoded_string/1 | 8071 | 0.02 | 22641
erlang:binary_to_atom/2 | 5333 | 0.01 | 31
'Elixir.Dct':time_to_seconds/1 | 5246 | 0.01 | 396
erts_internal:port_command/3 | 4021 | 0.01 | 26
'Elixir.Enum':'-map/2-lists^map/1-0-'/2 | 3660 | 0.01 | 4977
erlang:demonitor/2 | 3641 | 0.01 | 4183
'Elixir.Dct':get_station_id/4 | 3604 | 0.01 | 3049
'Elixir.Dct':'-fetch_station_ids/0-fun-0-'/4 | 3468 | 0.01 | 3049
'Elixir.Enum':'-join/2-fun-0-'/3 | 3454 | 0.01 | 8316
'Elixir.String.Chars':'impl_for!'/1 | 3328 | 0.01 | 7177
'Elixir.Enum':fetch/2 | 3268 | 0.01 | 4718
'Elixir.String.Chars':to_string/1 | 3204 | 0.01 | 7177
'Elixir.Enum':at/2 | 3133 | 0.01 | 4718
'Elixir.Enum':'-reduce/3-lists^foldl/2-0-'/3 | 3043 | 0.01 | 10776
file:check_args/1 | 2886 | 0.01 | 6930
'Elixir.String.Chars':impl_for/1 | 2800 | 0.01 | 7177
binary:match/3 | 2625 | 0.01 | 41
'Elixir.Map':get/2 | 2595 | 0.01 | 1394
erlang:integer_to_binary/1 | 2537 | 0.01 | 7177
lists:delete/2 | 2497 | 0.01 | 5544
'Elixir.Enum':join/2 | 2452 | 0.01 | 1386
erts_internal:flush_monitor_messages/3 | 2334 | 0.01 | 1386
file:make_binary/1 | 2018 | 0.0 | 2772
'Elixir.Enum':find/3 | 1997 | 0.0 | 7524
'Elixir.Enum':do_fetch/2 | 1842 | 0.0 | 4951
'Elixir.String.Chars.Integer':to_string/1 | 1733 | 0.0 | 7177
erlang:iolist_to_binary/1 | 1689 | 0.0 | 1406
binary:part/2 | 1677 | 0.0 | 2260
'Elixir.Enum':at/3 | 1617 | 0.0 | 4718
binary:get_opts_split/2 | 1454 | 0.0 | 1229
binary:do_split/5 | 1343 | 0.0 | 2260
'Elixir.Enum':reduce/3 | 1230 | 0.0 | 1735
ets:lookup/2 | 1226 | 0.0 | 23
binary:matches/3 | 1219 | 0.0 | 594
gen:call/4 | 1185 | 0.0 | 1404
crypto:sha/1 | 1139 | 0.0 | 10
maps:find/2 | 1074 | 0.0 | 1407
io:io_request/2 | 1027 | 0.0 | 1388
file:open/2 | 1005 | 0.0 | 1386
'Elixir.Mariaex.Cache':new/1 | 976 | 0.0 | 5
erlang:open_port/2 | 951 | 0.0 | 5
gen_server:call/3 | 926 | 0.0 | 1386
lists:member/2 | 879 | 0.0 | 2815
erlang:atom_to_binary/2 | 837 | 0.0 | 5
file:file_request/2 | 814 | 0.0 | 1386
erlang:list_to_tuple/1 | 809 | 0.0 | 1486
erlang:whereis/1 | 801 | 0.0 | 1391
file:write/2 | 787 | 0.0 | 1386
'Elixir.IO':chardata_to_string/1 | 751 | 0.0 | 1386
'Elixir.Dct':'-final_connection_data/2-fun-1-'/2 | 745 | 0.0 | 1386
binary:split/2 | 728 | 0.0 | 41
'Elixir.Map':get/3 | 681 | 0.0 | 1394
file:file_name/1 | 671 | 0.0 | 1386
ets:info/2 | 656 | 0.0 | 8
file:call/2 | 641 | 0.0 | 1386
erlang:setelement/3 | 637 | 0.0 | 31
'Elixir.String.Unicode':downcase/2 | 634 | 0.0 | 167
erlang:spawn_opt/1 | 615 | 0.0 | 5
os:getenv/1 | 575 | 0.0 | 20
'Elixir.Dct':final_connection/2 | 545 | 0.0 | 1386
'Elixir.Mariaex.Protocol':result/2 | 528 | 0.0 | 8
'Elixir.File':write/3 | 526 | 0.0 | 1386
file:write_file/3 | 525 | 0.0 | 1386
erlang:port_control/3 | 516 | 0.0 | 69
ets:new/2 | 509 | 0.0 | 5
gen:do_for_proc/2 | 504 | 0.0 | 1404
io:execute_request/2 | 502 | 0.0 | 1388
file:close/1 | 495 | 0.0 | 1386
erlang:binary_to_integer/1 | 492 | 0.0 | 792
'Elixir.Dct':write/1 | 468 | 0.0 | 1386
inet:getopts/2 | 466 | 0.0 | 5
io:request/2 | 462 | 0.0 | 1388
erlang:start_timer/3 | 454 | 0.0 | 5
gen:do_call/4 | 441 | 0.0 | 1404
ets:insert/2 | 441 | 0.0 | 8
binary:split/3 | 412 | 0.0 | 635
'Elixir.Access':fetch/2 | 411 | 0.0 | 73
proc_lib:check_for_monitor/1 | 383 | 0.0 | 5
gen_tcp:connect/4 | 372 | 0.0 | 5
'Elixir.Mariaex.Protocol':get_command/1 | 354 | 0.0 | 31
'Elixir.String':split/2 | 349 | 0.0 | 594
erlang:make_ref/0 | 346 | 0.0 | 5
'Elixir.Dct':combination/2 | 341 | 0.0 | 674
lists:keyfind/3 | 341 | 0.0 | 98
erlang:put/2 | 340 | 0.0 | 10
'Elixir.String':downcase/1 | 339 | 0.0 | 31
'Elixir.Enum':map/2 | 337 | 0.0 | 204
binary:match/2 | 331 | 0.0 | 243
inet_tcp:getaddrs/2 | 324 | 0.0 | 5
'Elixir.Dct':fetch_station_ids/0 | 321 | 0.0 | 1
'Elixir.String':to_char_list/1 | 321 | 0.0 | 25
'Elixir.Mariaex.Connection':init/1 | 314 | 0.0 | 5
'Elixir.Mariaex.Connection':handle_call/3 | 313 | 0.0 | 18
maps:put/3 | 303 | 0.0 | 13
proc_lib:init_p/5 | 295 | 0.0 | 5
gen:'-call/4-fun-0-'/4 | 293 | 0.0 | 1404
prim_inet:type_value_2/2 | 292 | 0.0 | 30
inet:getaddrs_tm/3 | 278 | 0.0 | 5
'Elixir.Dct':'-get_station_id/2-fun-0-'/2 | 276 | 0.0 | 591
'Elixir.Mariaex.Cache':lookup/2 | 274 | 0.0 | 8
'Elixir.Dct':'-combination/2-fun-0-'/3 | 268 | 0.0 | 602
prim_inet:enc_value_2/2 | 267 | 0.0 | 25
inet:open/8 | 266 | 0.0 | 5
inet_tcp:send/2 | 251 | 0.0 | 26
'Elixir.Mariaex.Cache':insert/4 | 249 | 0.0 | 8
crypto:do_hash/2 | 244 | 0.0 | 10
erlang:binary_to_list/1 | 229 | 0.0 | 15
'Elixir.String':split/3 | 227 | 0.0 | 594
'Elixir.String':'contains?'/2 | 227 | 0.0 | 243
prim_inet:enum_val/2 | 224 | 0.0 | 125
'Elixir.Dct':make_connection/3 | 208 | 0.0 | 301
proc_lib:init_p_do_apply/3 | 193 | 0.0 | 5
io:o_request/3 | 187 | 0.0 | 2
inet:con_opt/3 | 184 | 0.0 | 15
'Elixir.Dct':fetch_train_days/0 | 178 | 0.0 | 1
'Elixir.Mariaex.Protocol':mysql_native_password/2 | 176 | 0.0 | 5
gen_server:loop/6 | 169 | 0.0 | 57
inet_parse:visible_string/1 | 168 | 0.0 | 5
inet_gethost_native:ensure_started/0 | 167 | 0.0 | 5
'Elixir.Keyword':pop/2 | 166 | 0.0 | 5
inet_gethost_native:ndx/2 | 165 | 0.0 | 5
inet:connect_options/2 | 164 | 0.0 | 5
'Elixir.Keyword':put_new/3 | 161 | 0.0 | 15
erlang:process_info/2 | 161 | 0.0 | 5
inet:timeout/1 | 158 | 0.0 | 5
'Elixir.System':get_env/1 | 156 | 0.0 | 20
'Elixir.List':do_zip/2 | 156 | 0.0 | 105
gen:init_it2/7 | 153 | 0.0 | 5
proc_lib:spawn_opt_mon/4 | 153 | 0.0 | 5
gen:spawn_opts/1 | 150 | 0.0 | 5
'Elixir.Dct':'-final_connection_data/2-fun-0-'/2 | 149 | 0.0 | 243
'Elixir.List':'-do_zip/2-lists^mapfoldl/2-0-'/3 | 147 | 0.0 | 315
inet_db:tcp_module/0 | 146 | 0.0 | 5
'Elixir.Mariaex.Connection':start_link/1 | 145 | 0.0 | 5
crypto:hash_update/2 | 144 | 0.0 | 10
'Elixir.Mariaex.Connection':reply/2 | 144 | 0.0 | 36
'Elixir.Access':get/2 | 142 | 0.0 | 73
'Elixir.Keyword':pop/3 | 141 | 0.0 | 5
'Elixir.List':zip/1 | 141 | 0.0 | 5
inet:start_timer/1 | 139 | 0.0 | 5
erlang:spawn_opt/4 | 139 | 0.0 | 5
erlang:group_leader/0 | 138 | 0.0 | 2
'Elixir.GenServer':start/2 | 137 | 0.0 | 5
gen_tcp:mod/1 | 136 | 0.0 | 5
prim_inet:is_sockopt_val/2 | 134 | 0.0 | 10
application:get_env/2 | 133 | 0.0 | 5
inet:gethostbyname_tm_native/4 | 132 | 0.0 | 5
crypto:hash/2 | 131 | 0.0 | 10
'Elixir.Dct':'-get_c/3-fun-0-'/2 | 131 | 0.0 | 35
proc_lib:start/5 | 130 | 0.0 | 5
'Elixir.Keyword':fetch/2 | 129 | 0.0 | 5
prim_inet:type_value_default/3 | 129 | 0.0 | 30
prim_inet:ctl_cmd/3 | 129 | 0.0 | 69
'Elixir.List':'-do_zip/2-fun-0-'/2 | 127 | 0.0 | 210
'Elixir.Dct':dct_txt/1 | 125 | 0.0 | 1
'Elixir.Dct':'-get_c/3-fun-1-'/3 | 122 | 0.0 | 301
'Elixir.Dct':final_connection_data/2 | 117 | 0.0 | 198
'Elixir.Mariaex.Protocol':msg_send/3 | 109 | 0.0 | 52
'Elixir.Mariaex.Connection.Tcp':next/1 | 105 | 0.0 | 34
io:put_chars/2 | 102 | 0.0 | 2
'Elixir.IO':puts/2 | 102 | 0.0 | 2
timer:sleep/1 | 102 | 0.0 | 1
inet:'-setopts/2-lc$^0/1-0-'/1 | 94 | 0.0 | 83
'Elixir.Mariaex.Connection':handle_info/2 | 91 | 0.0 | 34
erlang:'++'/2 | 91 | 0.0 | 336
prim_inet:dec_value/2 | 90 | 0.0 | 15
'Elixir.List':to_list/1 | 87 | 0.0 | 210
prim_inet:enc_opts/1 | 85 | 0.0 | 20
prim_inet:dec_opt_val/3 | 85 | 0.0 | 15
'Elixir.Mariaex.Connection':query/4 | 81 | 0.0 | 13
prim_inet:setopts/2 | 79 | 0.0 | 49
os:timestamp/0 | 77 | 0.0 | 26
'Elixir.Enum':'member?'/2 | 75 | 0.0 | 23
prim_inet:enc_opt_val/2 | 74 | 0.0 | 108
inet_db:lookup_socket/1 | 72 | 0.0 | 26
prim_inet:encode_opt_val/1 | 69 | 0.0 | 49
'Elixir.Mariaex.Messages':encode_msg/1 | 68 | 0.0 | 26
queue:out/1 | 66 | 0.0 | 49
gen_server:try_dispatch/4 | 64 | 0.0 | 34
gen_tcp:send/2 | 63 | 0.0 | 26
gen_server:decode_msg/8 | 62 | 0.0 | 52
'Elixir.Mariaex.Messages':encode/2 | 61 | 0.0 | 26
queue:in/2 | 57 | 0.0 | 18
gen_server:try_dispatch/3 | 57 | 0.0 | 34
unicode:characters_to_binary/2 | 56 | 0.0 | 12
gen_server:try_handle_call/4 | 52 | 0.0 | 18
'Elixir.Mariaex.Connection':check_next/1 | 52 | 0.0 | 47
'Elixir.List':to_tuple/1 | 52 | 0.0 | 100
erlang:port_command/3 | 52 | 0.0 | 26
'Elixir.List':do_zip_each/2 | 50 | 0.0 | 210
gen_server:handle_common_reply/6 | 48 | 0.0 | 34
prim_inet:type_opt/2 | 47 | 0.0 | 60
prim_inet:send/3 | 46 | 0.0 | 26
'Elixir.Mariaex.Protocol':send_execute/1 | 45 | 0.0 | 8
inet_gethost_native:ndx/4 | 44 | 0.0 | 50
inet:setopts/2 | 41 | 0.0 | 39
gen_server:handle_msg/5 | 41 | 0.0 | 52
'Elixir.Mariaex.Protocol':'-bxor_binary/2-fun-0-'/2 | 41 | 0.0 | 100
'Elixir.Mariaex.Connection.Tcp':'receive'/2 | 40 | 0.0 | 34
'Elixir.String.Unicode':downcase/1 | 39 | 0.0 | 31
'Elixir.Mariaex.Messages':'__encode__'/1 | 38 | 0.0 | 26
'Elixir.GenServer':reply/2 | 38 | 0.0 | 18
'Elixir.Mariaex.Connection.Tcp':send/2 | 37 | 0.0 | 26
lists:keydelete3/3 | 37 | 0.0 | 25
'Elixir.Mariaex.Messages':encode_handshake_resp/1 | 37 | 0.0 | 5
proc_lib:proc_info/2 | 37 | 0.0 | 5
'Elixir.GenServer':call/3 | 37 | 0.0 | 18
unicode:characters_to_list/2 | 36 | 0.0 | 25
'Elixir.Mariaex.Messages':decode_handshake/1 | 35 | 0.0 | 5
proc_lib:init_ack/2 | 35 | 0.0 | 5
'Elixir.Mariaex.Connection':next/1 | 35 | 0.0 | 31
'Elixir.Mariaex.Connection':'-handle_call/3-fun-0-'/3 | 35 | 0.0 | 13
gen_tcp:connect1/4 | 33 | 0.0 | 5
'Elixir.Mariaex.Messages':parameters_to_binary/1 | 31 | 0.0 | 8
'Elixir.Access':get/3 | 29 | 0.0 | 73
'Elixir.Mariaex.Messages':encode_text_cmd/1 | 29 | 0.0 | 13
prim_inet:getopts/2 | 29 | 0.0 | 5
erlang:tuple_to_list/1 | 28 | 0.0 | 35
crypto:sha_update/2 | 27 | 0.0 | 10
erlang:link/1 | 27 | 0.0 | 5
'Elixir.Dct':get_station_id/2 | 26 | 0.0 | 35
gen_server:debug_options/2 | 26 | 0.0 | 5
'Elixir.Mariaex.Connection':query/2 | 25 | 0.0 | 8
'Elixir.Mariaex.Messages':decode_column_definition_41/1 | 24 | 0.0 | 46
proc_lib:sync_wait_mon/2 | 24 | 0.0 | 5
'Elixir.String.Unicode':titlecase_once/1 | 24 | 0.0 | 5
'Elixir.Mariaex.Protocol':send_execute_new/1 | 23 | 0.0 | 8
'Elixir.Mariaex.Connection.Tcp':connect/4 | 22 | 0.0 | 5
'Elixir.Map':'update!'/3 | 22 | 0.0 | 13
'Elixir.Enum':zip/2 | 22 | 0.0 | 8
erlang:port_get_data/1 | 22 | 0.0 | 26
gen_tcp:mod/2 | 21 | 0.0 | 15
crypto:sha_init/0 | 21 | 0.0 | 5
prim_inet:type_value_1/3 | 21 | 0.0 | 30
'Elixir.Mariaex.Messages':decode_eof_resp/1 | 20 | 0.0 | 24
prim_inet:bind/3 | 20 | 0.0 | 5
prim_inet:async_connect/4 | 20 | 0.0 | 5
prim_inet:enc_opt/1 | 20 | 0.0 | 35
'Elixir.Mariaex.Messages':encode_stmt_execute/1 | 19 | 0.0 | 8
inet:gethostbyname_tm/3 | 18 | 0.0 | 5
'Elixir.Mariaex.Protocol':'-result/2-fun-0-'/2 | 18 | 0.0 | 23
prim_inet:open/4 | 18 | 0.0 | 5
prim_inet:type_opt_1/1 | 18 | 0.0 | 60
inet_tcp:do_connect/4 | 17 | 0.0 | 5
inet_gethost_native:parse_address/2 | 17 | 0.0 | 5
inet_parse:is_vis1/1 | 16 | 0.0 | 50
prim_inet:type_value/3 | 16 | 0.0 | 30
unicode:characters_to_list/1 | 15 | 0.0 | 25
inet_db:db_get/1 | 15 | 0.0 | 10
'Elixir.Dct':format_entry/2 | 15 | 0.0 | 35
inet_gethost_native:pick_addresses_v4/2 | 15 | 0.0 | 10
proc_lib:get_ancestors/0 | 15 | 0.0 | 5
'Elixir.List':to_string/1 | 15 | 0.0 | 5
gen:opt/2 | 14 | 0.0 | 10
proc_lib:get_my_name/0 | 14 | 0.0 | 5
prim_inet:enc_value_1/3 | 14 | 0.0 | 25
'Elixir.Enum':do_zip/2 | 14 | 0.0 | 8
'Elixir.GenServer':do_start/4 | 14 | 0.0 | 5
erlang:cancel_timer/1 | 14 | 0.0 | 5
crypto:max_bytes/0 | 13 | 0.0 | 20
inet_gethost_native:gethostbyname/2 | 13 | 0.0 | 5
gen_server:name/1 | 13 | 0.0 | 5
prim_inet:enc_value/3 | 13 | 0.0 | 25
'Elixir.Enum':slice/3 | 13 | 0.0 | 1
'Elixir.IO':puts/1 | 12 | 0.0 | 2
queue:new/0 | 12 | 0.0 | 5
'Elixir.Mariaex.Messages':decode_stmt_prepare_ok/1 | 12 | 0.0 | 8
'Elixir.Mariaex.Messages':decode_ok_resp/1 | 12 | 0.0 | 10
prim_inet:ip4_to_bytes/1 | 12 | 0.0 | 10
gen:do_spawn/5 | 11 | 0.0 | 5
crypto:hash_final/1 | 11 | 0.0 | 5
gen_server:init_it/6 | 11 | 0.0 | 10
'Elixir.Mariaex.Protocol':password/3 | 11 | 0.0 | 5
prim_inet:dec_opt_val/1 | 11 | 0.0 | 20
erlang:max/2 | 11 | 0.0 | 10
unicode:characters_to_binary/1 | 10 | 0.0 | 10
'Elixir.String':capitalize/1 | 10 | 0.0 | 5
'Elixir.GenServer':start/3 | 10 | 0.0 | 5
inet:con_add/5 | 9 | 0.0 | 10
inet:add_opt/4 | 9 | 0.0 | 10
inet:stop_timer/1 | 9 | 0.0 | 5
inet:'-getopts/2-lc$^0/1-0-'/1 | 9 | 0.0 | 20
inet_gethost_native:pick_names/2 | 9 | 0.0 | 10
inet_db:register_socket/2 | 8 | 0.0 | 5
lists:keydelete/3 | 8 | 0.0 | 10
inet_tcp:connect/4 | 8 | 0.0 | 5
proc_lib:trans_init/3 | 8 | 0.0 | 5
prim_inet:open/6 | 8 | 0.0 | 5
prim_inet:enc_type/1 | 8 | 0.0 | 5
application_controller:get_env/2 | 8 | 0.0 | 5
erlang:list_to_binary/1 | 8 | 0.0 | 5
'Elixir.DctRunner':'-run_profile/1-fun-0-'/1 | 7 | 0.0 | 1
prim_inet:dec_opt/1 | 7 | 0.0 | 15
prim_inet:enc_time/1 | 7 | 0.0 | 5
erlang:read_timer/1 | 7 | 0.0 | 5
inet_db:res_option/1 | 6 | 0.0 | 5
crypto:hash_update/4 | 6 | 0.0 | 10
crypto:sha_final/1 | 6 | 0.0 | 5
inet_gethost_native:getit/4 | 6 | 0.0 | 5
inet_gethost_native:pick_names/1 | 6 | 0.0 | 5
'Elixir.Keyword':'fetch!'/2 | 6 | 0.0 | 5
prim_inet:type_value/2 | 6 | 0.0 | 15
prim_inet:enc_value/2 | 6 | 0.0 | 15
prim_inet:enc_value_default/3 | 6 | 0.0 | 25
gen:timeout/1 | 5 | 0.0 | 5
crypto:hash_init/1 | 5 | 0.0 | 5
'Elixir.Mariaex.Connection':command/2 | 5 | 0.0 | 13
prim_inet:enc_opt_val/4 | 5 | 0.0 | 20
gen:start/5 | 4 | 0.0 | 5
crypto:hash/5 | 4 | 0.0 | 10
inet_gethost_native:expand_default_name/2 | 4 | 0.0 | 5
'Elixir.Mariaex.Messages':decode_column_count/1 | 4 | 0.0 | 8
prim_inet:connect/4 | 4 | 0.0 | 5
prim_inet:encode_opts/1 | 4 | 0.0 | 5
gen_tcp:try_connect/6 | 3 | 0.0 | 5
gen:init_it/6 | 3 | 0.0 | 5
crypto:do_hash_update/2 | 3 | 0.0 | 10
inet_tcp:getserv/1 | 3 | 0.0 | 5
'Elixir.Mariaex.Protocol':send_query/3 | 3 | 0.0 | 13
'Elixir.Mariaex.Protocol':bxor_binary/2 | 3 | 0.0 | 5
prim_inet:enc_opts/2 | 3 | 0.0 | 15
prim_inet:decode_opt_val/1 | 3 | 0.0 | 5
inet_db:res_optname/1 | 2 | 0.0 | 5
inet:connect_options/0 | 2 | 0.0 | 5
'Elixir.Dct':'-dct_txt/1-fun-0-'/3 | 2 | 0.0 | 2
gen_server:opt/2 | 2 | 0.0 | 5
'Elixir.Mariaex.Protocol':capabilities/1 | 2 | 0.0 | 5
'Elixir.Enum':do_slice/3 | 2 | 0.0 | 3
inet:translate_ip/2 | 1 | 0.0 | 5
inet:gethostbyname_tm/4 | 1 | 0.0 | 5
inet:gethostbyname_tm/5 | 1 | 0.0 | 5
'Elixir.Dct':get_c/3 | 1 | 0.0 | 2
inet_gethost_native:getit/2 | 1 | 0.0 | 5
prim_inet:enc_family/1 | 1 | 0.0 | 5
prim_inet:protocol2drv/1 | 1 | 0.0 | 5
prim_inet:connect0/4 | 1 | 0.0 | 5
prim_inet:ip_to_bytes/1 | 1 | 0.0 | 5
erlang:port_set_data/2 | 1 | 0.0 | 5
_______________________________________
'Elixir.String.Unicode':do_rstrip_l/1 | 13095502 | 32.53 | 18690147
'Elixir.String':rstrip/1 | 5874823 | 14.6 | 14407428
'Elixir.String.Unicode':rstrip/2 | 5066555 | 12.59 | 19547098
'Elixir.Enum':do_find/3 | 3131626 | 7.78 | 14916504
'Elixir.String.Unicode':rstrip/1 | 3084579 | 7.66 | 14407428
'Elixir.Dct':'-get_station_id/4-fun-0-'/2 | 3007275 | 7.47 | 7203078
'Elixir.Dct':'-get_station_id/4-fun-1-'/2 | 2194270 | 5.45 | 3855778
'Elixir.Mariaex.Connection':process/2 | 2150426 | 5.34 | 26143
'Elixir.Dct':'-get_station_id/4-fun-2-'/2 | 1521831 | 3.78 | 3855778
'Elixir.String.Unicode':do_rstrip_s/1 | 346644 | 0.86 | 856951
'Elixir.Mariaex.Messages':decode/2 | 73482 | 0.18 | 26143
'Elixir.Mariaex.Messages':null_map_from_mysql/1 | 72986 | 0.18 | 25981
'Elixir.Mariaex.Messages':decode_bin_rows/2 | 69855 | 0.17 | 25981
'Elixir.Mariaex.Messages':decode_bin_rows/4 | 64658 | 0.16 | 76511
'Elixir.Mariaex.Messages':decode_msg/2 | 43520 | 0.11 | 26102
'Elixir.Mariaex.Protocol':dispatch/2 | 39733 | 0.1 | 26102
'Elixir.Mariaex.Messages':handle_decode_bin_rows/2 | 38931 | 0.1 | 50530
'Elixir.Mariaex.Messages':'-null_map_from_mysql/1-lbc$^0/2-0-'/2 | 36920 | 0.09 | 25981
'Elixir.Mariaex.Coder.Utils':length_encoded_integer/1 | 34470 | 0.09 | 22831
'Elixir.Mariaex.Messages':'__type__'/2 | 34082 | 0.08 | 50530
erlang:send/3 | 24061 | 0.06 | 1554
'Elixir.Mariaex.Messages':parse_int_packet/2 | 23492 | 0.06 | 28138
erlang:send/2 | 15086 | 0.04 | 22
'Elixir.Mariaex.Messages':'__decode__'/2 | 13358 | 0.03 | 26102
erlang:monitor/2 | 11088 | 0.03 | 4623
lists:reverse/1 | 10304 | 0.03 | 26527
'Elixir.Mariaex.Coder.Utils':length_encoded_string/1 | 9932 | 0.02 | 22740
'Elixir.Mariaex.Messages':decode_bin_row/1 | 9911 | 0.02 | 25981
lists:reverse/2 | 9757 | 0.02 | 3721
erts_internal:port_control/3 | 8392 | 0.02 | 83
'Elixir.Enum':find/2 | 8273 | 0.02 | 7554
erlang:demonitor/2 | 4178 | 0.01 | 4629
'Elixir.Mariaex.Connection':reply/2 | 3972 | 0.01 | 42
'Elixir.Enum':'-map/2-lists^map/1-0-'/2 | 3868 | 0.01 | 5193
'Elixir.Enum':'-join/2-fun-0-'/3 | 3757 | 0.01 | 9198
'Elixir.String.Chars':to_string/1 | 3466 | 0.01 | 7977
'Elixir.String.Chars':'impl_for!'/1 | 3445 | 0.01 | 7977
file:check_args/1 | 3167 | 0.01 | 7665
'Elixir.Dct':get_station_id/4 | 3152 | 0.01 | 3049
'Elixir.Enum':fetch/2 | 3080 | 0.01 | 4811
'Elixir.String.Chars':impl_for/1 | 3068 | 0.01 | 7977
erlang:integer_to_binary/1 | 3049 | 0.01 | 7977
'Elixir.Dct':'-fetch_station_ids/0-fun-0-'/4 | 3047 | 0.01 | 3049
'Elixir.Enum':at/2 | 2964 | 0.01 | 4811
lists:delete/2 | 2678 | 0.01 | 6132
'Elixir.Enum':join/2 | 2653 | 0.01 | 1533
'Elixir.Enum':'-reduce/3-lists^foldl/2-0-'/3 | 2648 | 0.01 | 11950
erts_internal:port_command/3 | 2614 | 0.01 | 30
erts_internal:flush_monitor_messages/3 | 2512 | 0.01 | 1533
'Elixir.Map':get/2 | 2327 | 0.01 | 1542
'Elixir.Enum':slice/3 | 2279 | 0.01 | 1
'Elixir.Enum':find/3 | 2146 | 0.01 | 7554
erlang:binary_to_list/1 | 2145 | 0.01 | 18
file:make_binary/1 | 2063 | 0.01 | 3066
'Elixir.String.Chars.Integer':to_string/1 | 1790 | 0.0 | 7977
'Elixir.Enum':at/3 | 1754 | 0.0 | 4811
erlang:iolist_to_binary/1 | 1747 | 0.0 | 1557
'Elixir.Enum':do_fetch/2 | 1621 | 0.0 | 5074
binary:do_split/5 | 1370 | 0.0 | 2505
gen:call/4 | 1369 | 0.0 | 1554
binary:match/3 | 1352 | 0.0 | 48
'Elixir.Enum':reduce/3 | 1307 | 0.0 | 1929
binary:matches/3 | 1285 | 0.0 | 657
file:open/2 | 1243 | 0.0 | 1533
maps:find/2 | 1215 | 0.0 | 1557
io:io_request/2 | 1163 | 0.0 | 1536
binary:get_opts_split/2 | 1154 | 0.0 | 1362
binary:part/2 | 1089 | 0.0 | 2505
lists:member/2 | 1080 | 0.0 | 3117
gen_server:call/3 | 1073 | 0.0 | 1533
erlang:whereis/1 | 975 | 0.0 | 1539
file:write/2 | 964 | 0.0 | 1533
erlang:list_to_tuple/1 | 917 | 0.0 | 1653
'Elixir.IO':chardata_to_string/1 | 901 | 0.0 | 1533
file:file_request/2 | 885 | 0.0 | 1533
'Elixir.Dct':'-final_connection_data/2-fun-1-'/2 | 814 | 0.0 | 1533
erlang:binary_to_atom/2 | 814 | 0.0 | 36
'Elixir.Dct':time_to_seconds/1 | 813 | 0.0 | 438
'Elixir.Enum':map/2 | 777 | 0.0 | 227
'Elixir.File':write/3 | 744 | 0.0 | 1533
'Elixir.Mariaex.Protocol':get_command/1 | 707 | 0.0 | 36
file:call/2 | 705 | 0.0 | 1533
file:file_name/1 | 704 | 0.0 | 1533
'Elixir.Dct':write/1 | 622 | 0.0 | 1533
gen:do_for_proc/2 | 620 | 0.0 | 1554
'Elixir.Map':get/3 | 619 | 0.0 | 1542
timer:sleep/1 | 613 | 0.0 | 1
binary:split/2 | 610 | 0.0 | 48
'Elixir.Dct':final_connection/2 | 600 | 0.0 | 1533
erlang:binary_to_integer/1 | 561 | 0.0 | 876
file:write_file/3 | 522 | 0.0 | 1533
file:close/1 | 518 | 0.0 | 1533
io:execute_request/2 | 501 | 0.0 | 1536
gen:do_call/4 | 493 | 0.0 | 1554
io:request/2 | 475 | 0.0 | 1536
'Elixir.Mariaex.Protocol':result/2 | 454 | 0.0 | 9
'Elixir.Dct':dct_txt/1 | 450 | 0.0 | 1
prim_inet:dec_opt_val/1 | 436 | 0.0 | 24
crypto:sha/1 | 433 | 0.0 | 12
binary:match/2 | 386 | 0.0 | 306
'Elixir.String':split/2 | 383 | 0.0 | 657
'Elixir.Dct':'-get_station_id/2-fun-0-'/2 | 378 | 0.0 | 636
os:getenv/1 | 374 | 0.0 | 24
'Elixir.String':split/3 | 354 | 0.0 | 657
unicode:characters_to_list/2 | 338 | 0.0 | 30
gen:'-call/4-fun-0-'/4 | 335 | 0.0 | 1554
erlang:port_control/3 | 333 | 0.0 | 83
erlang:open_port/2 | 323 | 0.0 | 6
ets:insert/2 | 318 | 0.0 | 9
erlang:put/2 | 317 | 0.0 | 12
'Elixir.String':downcase/1 | 299 | 0.0 | 36
'Elixir.Dct':combination/2 | 297 | 0.0 | 765
'Elixir.String':'contains?'/2 | 295 | 0.0 | 306
'Elixir.Mariaex.Protocol':msg_send/3 | 286 | 0.0 | 60
'Elixir.Mariaex.Connection':start_link/1 | 281 | 0.0 | 6
os:timestamp/0 | 278 | 0.0 | 30
'Elixir.Dct':'-combination/2-fun-0-'/3 | 262 | 0.0 | 674
'Elixir.Enum':'member?'/2 | 262 | 0.0 | 27
'Elixir.Mariaex.Connection':query/4 | 254 | 0.0 | 15
'Elixir.IO':puts/2 | 240 | 0.0 | 3
'Elixir.Mariaex.Messages':encode/2 | 239 | 0.0 | 30
inet:getopts/2 | 227 | 0.0 | 6
'Elixir.Dct':make_connection/3 | 225 | 0.0 | 337
ets:lookup/2 | 218 | 0.0 | 27
inet_tcp:send/2 | 204 | 0.0 | 30
binary:split/3 | 202 | 0.0 | 705
'Elixir.String.Unicode':downcase/2 | 193 | 0.0 | 192
'Elixir.Mariaex.Connection.Tcp':send/2 | 186 | 0.0 | 30
'Elixir.Dct':'-final_connection_data/2-fun-0-'/2 | 170 | 0.0 | 306
ets:new/2 | 170 | 0.0 | 6
erlang:group_leader/0 | 168 | 0.0 | 3
crypto:sha_update/2 | 165 | 0.0 | 12
'Elixir.List':'-do_zip/2-lists^mapfoldl/2-0-'/3 | 165 | 0.0 | 378
erlang:process_info/2 | 165 | 0.0 | 6
erlang:read_timer/1 | 154 | 0.0 | 6
'Elixir.List':do_zip/2 | 148 | 0.0 | 126
gen_server:loop/6 | 146 | 0.0 | 68
'Elixir.Dct':'-get_c/3-fun-1-'/3 | 136 | 0.0 | 337
prim_inet:type_opt/2 | 133 | 0.0 | 72
'Elixir.List':'-do_zip/2-fun-0-'/2 | 131 | 0.0 | 252
'Elixir.Dct':final_connection_data/2 | 125 | 0.0 | 219
gen_tcp:mod/1 | 120 | 0.0 | 6
gen:init_it2/7 | 111 | 0.0 | 6
'Elixir.Access':get/2 | 109 | 0.0 | 87
io:o_request/3 | 108 | 0.0 | 3
crypto:do_hash/2 | 104 | 0.0 | 12
prim_inet:ctl_cmd/3 | 104 | 0.0 | 83
inet:'-getopts/2-lc$^0/1-0-'/1 | 102 | 0.0 | 24
'Elixir.List':to_list/1 | 100 | 0.0 | 252
prim_inet:type_opt_1/1 | 96 | 0.0 | 72
prim_inet:enum_val/2 | 85 | 0.0 | 150
'Elixir.Mariaex.Cache':new/1 | 84 | 0.0 | 6
inet:'-setopts/2-lc$^0/1-0-'/1 | 84 | 0.0 | 100
erlang:'++'/2 | 84 | 0.0 | 381
prim_inet:encode_opt_val/1 | 83 | 0.0 | 59
'Elixir.Access':fetch/2 | 82 | 0.0 | 87
unicode:characters_to_binary/2 | 82 | 0.0 | 15
'Elixir.Mariaex.Connection':handle_info/2 | 81 | 0.0 | 41
erlang:make_ref/0 | 81 | 0.0 | 6
prim_inet:enc_opt_val/2 | 75 | 0.0 | 130
queue:in/2 | 72 | 0.0 | 21
'Elixir.Mariaex.Connection.Tcp':next/1 | 66 | 0.0 | 41
maps:put/3 | 66 | 0.0 | 15
lists:keyfind/3 | 62 | 0.0 | 117
'Elixir.Mariaex.Messages':encode_msg/1 | 60 | 0.0 | 30
erlang:atom_to_binary/2 | 60 | 0.0 | 6
queue:out/1 | 59 | 0.0 | 57
inet_db:lookup_socket/1 | 57 | 0.0 | 30
'Elixir.List':to_tuple/1 | 56 | 0.0 | 120
'Elixir.List':do_zip_each/2 | 55 | 0.0 | 252
erlang:spawn_opt/1 | 55 | 0.0 | 6
gen_server:try_dispatch/4 | 53 | 0.0 | 41
erlang:port_command/3 | 53 | 0.0 | 30
gen_server:try_dispatch/3 | 52 | 0.0 | 41
prim_inet:setopts/2 | 51 | 0.0 | 59
'Elixir.Dct':fetch_train_days/0 | 50 | 0.0 | 1
gen_server:handle_common_reply/6 | 50 | 0.0 | 41
'Elixir.Mariaex.Connection':handle_call/3 | 50 | 0.0 | 21
'Elixir.Mariaex.Messages':decode_handshake/1 | 47 | 0.0 | 6
'Elixir.Mariaex.Connection':check_next/1 | 47 | 0.0 | 56
gen_server:decode_msg/8 | 46 | 0.0 | 62
'Elixir.Mariaex.Protocol':'-bxor_binary/2-fun-0-'/2 | 46 | 0.0 | 120
inet_parse:visible_string/1 | 45 | 0.0 | 6
gen_server:try_handle_call/4 | 43 | 0.0 | 21
'Elixir.String':to_char_list/1 | 43 | 0.0 | 30
'Elixir.Mariaex.Messages':decode_eof_resp/1 | 40 | 0.0 | 27
'Elixir.System':get_env/1 | 38 | 0.0 | 24
inet_tcp:getaddrs/2 | 38 | 0.0 | 6
'Elixir.Mariaex.Protocol':send_query/3 | 38 | 0.0 | 15
gen_tcp:connect/4 | 37 | 0.0 | 6
'Elixir.Mariaex.Messages':encode_text_cmd/1 | 35 | 0.0 | 15
'Elixir.Mariaex.Connection':'-handle_call/3-fun-0-'/3 | 35 | 0.0 | 15
inet:connect_options/2 | 34 | 0.0 | 6
'Elixir.Mariaex.Messages':encode_handshake_resp/1 | 34 | 0.0 | 6
inet:setopts/2 | 33 | 0.0 | 47
crypto:sha_init/0 | 33 | 0.0 | 6
gen_server:handle_msg/5 | 33 | 0.0 | 62
'Elixir.String.Unicode':downcase/1 | 32 | 0.0 | 36
'Elixir.Mariaex.Protocol':mysql_native_password/2 | 31 | 0.0 | 6
'Elixir.Mariaex.Connection.Tcp':'receive'/2 | 30 | 0.0 | 41
'Elixir.Mariaex.Connection':next/1 | 30 | 0.0 | 36
'Elixir.Dct':'-get_c/3-fun-0-'/2 | 29 | 0.0 | 44
'Elixir.Mariaex.Messages':'__encode__'/1 | 29 | 0.0 | 30
proc_lib:init_ack/2 | 29 | 0.0 | 6
'Elixir.Mariaex.Cache':lookup/2 | 28 | 0.0 | 9
ets:info/2 | 28 | 0.0 | 9
'Elixir.Access':get/3 | 27 | 0.0 | 87
'Elixir.Mariaex.Protocol':send_execute_new/1 | 27 | 0.0 | 9
erlang:link/1 | 27 | 0.0 | 6
'Elixir.Mariaex.Cache':insert/4 | 26 | 0.0 | 9
gen_tcp:send/2 | 26 | 0.0 | 30
crypto:hash/2 | 26 | 0.0 | 12
'Elixir.Dct':get_station_id/2 | 26 | 0.0 | 44
'Elixir.GenServer':call/3 | 26 | 0.0 | 21
inet:con_opt/3 | 25 | 0.0 | 18
'Elixir.Mariaex.Messages':decode_column_definition_41/1 | 25 | 0.0 | 58
'Elixir.Mariaex.Connection':init/1 | 25 | 0.0 | 6
gen_tcp:mod/2 | 24 | 0.0 | 18
lists:keydelete3/3 | 24 | 0.0 | 30
'Elixir.Mariaex.Messages':decode_stmt_prepare_ok/1 | 24 | 0.0 | 9
prim_inet:async_connect/4 | 24 | 0.0 | 6
erlang:start_timer/3 | 24 | 0.0 | 6
erlang:setelement/3 | 24 | 0.0 | 36
'Elixir.Map':'update!'/3 | 23 | 0.0 | 15
'Elixir.Mariaex.Protocol':send_execute/1 | 23 | 0.0 | 9
prim_inet:send/3 | 23 | 0.0 | 30
prim_inet:enc_opt/1 | 23 | 0.0 | 42
prim_inet:enc_value_2/2 | 23 | 0.0 | 30
'Elixir.GenServer':reply/2 | 23 | 0.0 | 21
'Elixir.Mariaex.Connection.Tcp':connect/4 | 22 | 0.0 | 6
proc_lib:check_for_monitor/1 | 22 | 0.0 | 6
'Elixir.List':zip/1 | 22 | 0.0 | 6
'Elixir.String.Unicode':titlecase_once/1 | 22 | 0.0 | 6
erlang:port_get_data/1 | 22 | 0.0 | 30
erlang:tuple_to_list/1 | 22 | 0.0 | 44
gen_server:debug_options/2 | 21 | 0.0 | 6
'Elixir.Keyword':put_new/3 | 21 | 0.0 | 18
prim_inet:type_value/3 | 21 | 0.0 | 36
prim_inet:type_value_1/3 | 21 | 0.0 | 36
proc_lib:init_p_do_apply/3 | 20 | 0.0 | 6
prim_inet:is_sockopt_val/2 | 20 | 0.0 | 12
prim_inet:dec_value/2 | 20 | 0.0 | 18
inet:open/8 | 19 | 0.0 | 6
inet:timeout/1 | 19 | 0.0 | 6
crypto:max_bytes/0 | 19 | 0.0 | 24
'Elixir.Dct':fetch_station_ids/0 | 19 | 0.0 | 1
inet_gethost_native:ensure_started/0 | 19 | 0.0 | 6
proc_lib:spawn_opt_mon/4 | 19 | 0.0 | 6
application:get_env/2 | 19 | 0.0 | 6
'Elixir.Keyword':pop/2 | 19 | 0.0 | 6
gen_tcp:connect1/4 | 18 | 0.0 | 6
proc_lib:proc_info/2 | 18 | 0.0 | 6
prim_inet:bind/3 | 18 | 0.0 | 6
unicode:characters_to_list/1 | 17 | 0.0 | 30
inet:getaddrs_tm/3 | 17 | 0.0 | 6
'Elixir.Mariaex.Messages':decode_ok_resp/1 | 17 | 0.0 | 12
proc_lib:sync_wait_mon/2 | 17 | 0.0 | 6
'Elixir.Mariaex.Protocol':'-result/2-fun-0-'/2 | 17 | 0.0 | 29
prim_inet:type_value_2/2 | 17 | 0.0 | 36
erlang:cancel_timer/1 | 17 | 0.0 | 6
queue:new/0 | 16 | 0.0 | 6
'Elixir.Mariaex.Messages':encode_stmt_execute/1 | 16 | 0.0 | 9
'Elixir.Mariaex.Connection':query/2 | 16 | 0.0 | 9
'Elixir.Enum':zip/2 | 16 | 0.0 | 9
inet_db:tcp_module/0 | 15 | 0.0 | 6
inet:gethostbyname_tm/3 | 15 | 0.0 | 6
gen:spawn_opts/1 | 15 | 0.0 | 6
'Elixir.Dct':format_entry/2 | 15 | 0.0 | 44
inet_tcp:do_connect/4 | 15 | 0.0 | 6
'Elixir.Mariaex.Messages':parameters_to_binary/1 | 14 | 0.0 | 9
gen_server:name/1 | 14 | 0.0 | 6
inet_parse:is_vis1/1 | 14 | 0.0 | 60
prim_inet:open/4 | 14 | 0.0 | 6
prim_inet:enc_time/1 | 14 | 0.0 | 6
'Elixir.GenServer':do_start/4 | 14 | 0.0 | 6
'Elixir.IO':puts/1 | 13 | 0.0 | 3
inet:gethostbyname_tm_native/4 | 13 | 0.0 | 6
inet_gethost_native:ndx/2 | 13 | 0.0 | 6
'Elixir.String':capitalize/1 | 13 | 0.0 | 6
prim_inet:enc_value/3 | 13 | 0.0 | 30
unicode:characters_to_binary/1 | 12 | 0.0 | 12
inet_gethost_native:gethostbyname/2 | 12 | 0.0 | 6
inet_gethost_native:pick_addresses_v4/2 | 12 | 0.0 | 12
inet_gethost_native:ndx/4 | 12 | 0.0 | 60
crypto:hash_init/1 | 11 | 0.0 | 6
proc_lib:start/5 | 11 | 0.0 | 6
'Elixir.DctRunner':'-run_profile/1-fun-0-'/1 | 11 | 0.0 | 1
'Elixir.Mariaex.Protocol':password/3 | 11 | 0.0 | 6
prim_inet:getopts/2 | 11 | 0.0 | 6
prim_inet:enc_opts/1 | 11 | 0.0 | 24
'Elixir.List':to_string/1 | 11 | 0.0 | 6
io:put_chars/2 | 10 | 0.0 | 3
gen:do_spawn/5 | 10 | 0.0 | 6
inet_tcp:connect/4 | 10 | 0.0 | 6
proc_lib:init_p/5 | 10 | 0.0 | 6
proc_lib:get_ancestors/0 | 10 | 0.0 | 6
'Elixir.Keyword':pop/3 | 10 | 0.0 | 6
gen:timeout/1 | 9 | 0.0 | 6
gen:opt/2 | 9 | 0.0 | 12
crypto:hash_final/1 | 9 | 0.0 | 6
'Elixir.Dct':'-dct_txt/1-fun-0-'/3 | 9 | 0.0 | 3
inet_gethost_native:parse_address/2 | 9 | 0.0 | 6
proc_lib:trans_init/3 | 9 | 0.0 | 6
prim_inet:enc_value_default/3 | 9 | 0.0 | 30
'Elixir.Enum':do_slice/3 | 9 | 0.0 | 4
erlang:spawn_opt/4 | 9 | 0.0 | 6
erlang:max/2 | 9 | 0.0 | 12
'Elixir.GenServer':start/2 | 9 | 0.0 | 6
inet_db:register_socket/2 | 8 | 0.0 | 6
inet:add_opt/4 | 8 | 0.0 | 12
inet_gethost_native:pick_names/1 | 8 | 0.0 | 6
inet_gethost_native:pick_names/2 | 8 | 0.0 | 12
'Elixir.Mariaex.Connection':command/2 | 8 | 0.0 | 15
prim_inet:dec_opt/1 | 8 | 0.0 | 18
prim_inet:enc_value/2 | 8 | 0.0 | 18
prim_inet:dec_opt_val/3 | 8 | 0.0 | 18
inet_db:db_get/1 | 7 | 0.0 | 12
proc_lib:get_my_name/0 | 7 | 0.0 | 6
prim_inet:type_value/2 | 7 | 0.0 | 18
prim_inet:enc_value_1/3 | 7 | 0.0 | 30
prim_inet:enc_opt_val/4 | 7 | 0.0 | 24
inet:start_timer/1 | 6 | 0.0 | 6
inet:stop_timer/1 | 6 | 0.0 | 6
lists:keydelete/3 | 6 | 0.0 | 12
crypto:hash_update/2 | 6 | 0.0 | 12
prim_inet:type_value_default/3 | 6 | 0.0 | 36
prim_inet:ip4_to_bytes/1 | 6 | 0.0 | 12
erlang:list_to_binary/1 | 6 | 0.0 | 6
inet_db:res_option/1 | 5 | 0.0 | 6
inet:con_add/5 | 5 | 0.0 | 12
crypto:do_hash_update/2 | 5 | 0.0 | 12
crypto:sha_final/1 | 5 | 0.0 | 6
prim_inet:enc_type/1 | 5 | 0.0 | 6
'Elixir.GenServer':start/3 | 5 | 0.0 | 6
'Elixir.Dct':get_c/3 | 4 | 0.0 | 3
inet_gethost_native:expand_default_name/2 | 4 | 0.0 | 6
'Elixir.Keyword':fetch/2 | 4 | 0.0 | 6
prim_inet:protocol2drv/1 | 4 | 0.0 | 6
crypto:hash/5 | 3 | 0.0 | 12
inet_tcp:getserv/1 | 3 | 0.0 | 6
'Elixir.Mariaex.Messages':decode_column_count/1 | 3 | 0.0 | 9
'Elixir.Mariaex.Protocol':capabilities/1 | 3 | 0.0 | 6
prim_inet:enc_opts/2 | 3 | 0.0 | 18
inet_db:res_optname/1 | 2 | 0.0 | 6
gen:start/5 | 2 | 0.0 | 6
crypto:hash_update/4 | 2 | 0.0 | 12
gen_server:init_it/6 | 2 | 0.0 | 12
prim_inet:connect/4 | 2 | 0.0 | 6
'Elixir.Enum':do_zip/2 | 2 | 0.0 | 9
gen_tcp:try_connect/6 | 1 | 0.0 | 6
'Elixir.Keyword':'fetch!'/2 | 1 | 0.0 | 6
'Elixir.Mariaex.Protocol':bxor_binary/2 | 1 | 0.0 | 6
prim_inet:encode_opts/1 | 1 | 0.0 | 6
prim_inet:ip_to_bytes/1 | 1 | 0.0 | 6
inet:connect_options/0 | 0 | 0.0 | 6
inet:translate_ip/2 | 0 | 0.0 | 6
inet:gethostbyname_tm/4 | 0 | 0.0 | 6
inet:gethostbyname_tm/5 | 0 | 0.0 | 6
gen:init_it/6 | 0 | 0.0 | 6
inet_gethost_native:getit/4 | 0 | 0.0 | 6
inet_gethost_native:getit/2 | 0 | 0.0 | 6
gen_server:opt/2 | 0 | 0.0 | 6
prim_inet:open/6 | 0 | 0.0 | 6
prim_inet:enc_family/1 | 0 | 0.0 | 6
prim_inet:connect0/4 | 0 | 0.0 | 6
prim_inet:decode_opt_val/1 | 0 | 0.0 | 6
application_controller:get_env/2 | 0 | 0.0 | 6
erlang:port_set_data/2 | 0 | 0.0 | 6
_______________________________________
